0 info it worked if it ends with ok
1 verbose cli [ '/usr/local/bin/node',
1 verbose cli   '/usr/local/bin/npm',
1 verbose cli   'install',
1 verbose cli   '-g',
1 verbose cli   'express' ]
2 info using npm@1.1.61
3 info using node@v0.8.9
4 verbose read json /usr/local/lib/package.json
5 verbose read json /usr/local/lib/package.json
6 verbose cache add [ 'express', null ]
7 silly cache add name=undefined spec="express" args=["express",null]
8 verbose parsed url { pathname: 'express', path: 'express', href: 'express' }
9 silly lockFile f3c62de4-express express
10 verbose lock express /home/dustin/.npm/f3c62de4-express.lock
11 silly lockFile f3c62de4-express express
12 verbose addNamed [ 'express', '' ]
13 verbose addNamed [ null, '' ]
14 silly lockFile 64a534c1-express express@
15 verbose lock express@ /home/dustin/.npm/64a534c1-express.lock
16 silly addNameRange { name: 'express', range: '', hasData: false }
17 verbose url raw express
18 verbose url resolving [ 'https://registry.npmjs.org/', './express' ]
19 verbose url resolved https://registry.npmjs.org/express
20 info trying registry request attempt 1 at 21:56:43
21 verbose etag "AKI4321SMD1D63PXYSOJS0YMA"
22 http GET https://registry.npmjs.org/express
23 http 304 https://registry.npmjs.org/express
24 silly registry.get cb [ 304,
24 silly registry.get   { server: 'CouchDB/1.3.0 (Erlang OTP/R15B03)',
24 silly registry.get     etag: '"AKI4321SMD1D63PXYSOJS0YMA"',
24 silly registry.get     date: 'Mon, 15 Apr 2013 01:56:44 GMT',
24 silly registry.get     'content-length': '0' } ]
25 verbose etag express from cache
26 silly addNameRange number 2 { name: 'express', range: '', hasData: true }
27 silly addNameRange versions [ 'express',
27 silly addNameRange   [ '0.14.0',
27 silly addNameRange     '0.14.1',
27 silly addNameRange     '1.0.0beta',
27 silly addNameRange     '1.0.0beta2',
27 silly addNameRange     '1.0.0rc',
27 silly addNameRange     '1.0.0rc2',
27 silly addNameRange     '1.0.0rc3',
27 silly addNameRange     '1.0.0rc4',
27 silly addNameRange     '1.0.0',
27 silly addNameRange     '1.0.1',
27 silly addNameRange     '1.0.2',
27 silly addNameRange     '1.0.3',
27 silly addNameRange     '1.0.4',
27 silly addNameRange     '1.0.5',
27 silly addNameRange     '1.0.6',
27 silly addNameRange     '1.0.7',
27 silly addNameRange     '2.0.0beta',
27 silly addNameRange     '1.0.8',
27 silly addNameRange     '2.0.0beta2',
27 silly addNameRange     '2.0.0beta3',
27 silly addNameRange     '2.0.0rc',
27 silly addNameRange     '2.0.0rc2',
27 silly addNameRange     '2.0.0rc3',
27 silly addNameRange     '2.0.0',
27 silly addNameRange     '2.1.0',
27 silly addNameRange     '2.1.1',
27 silly addNameRange     '2.2.0',
27 silly addNameRange     '2.2.1',
27 silly addNameRange     '2.2.2',
27 silly addNameRange     '2.3.0',
27 silly addNameRange     '2.3.1',
27 silly addNameRange     '2.3.2',
27 silly addNameRange     '2.3.3',
27 silly addNameRange     '2.3.4',
27 silly addNameRange     '2.3.5',
27 silly addNameRange     '2.3.6',
27 silly addNameRange     '2.3.7',
27 silly addNameRange     '2.3.8',
27 silly addNameRange     '2.3.9',
27 silly addNameRange     '2.3.10',
27 silly addNameRange     '2.3.11',
27 silly addNameRange     '2.3.12',
27 silly addNameRange     '2.4.0',
27 silly addNameRange     '2.4.1',
27 silly addNameRange     '2.4.2',
27 silly addNameRange     '2.4.3',
27 silly addNameRange     '2.4.4',
27 silly addNameRange     '2.4.5',
27 silly addNameRange     '2.4.6',
27 silly addNameRange     '2.4.7',
27 silly addNameRange     '2.5.0',
27 silly addNameRange     '2.5.1',
27 silly addNameRange     '2.5.2',
27 silly addNameRange     '2.5.3',
27 silly addNameRange     '2.5.4',
27 silly addNameRange     '2.5.5',
27 silly addNameRange     '2.5.6',
27 silly addNameRange     '2.5.7',
27 silly addNameRange     '2.5.8',
27 silly addNameRange     '2.5.9',
27 silly addNameRange     '3.0.0alpha1',
27 silly addNameRange     '3.0.0alpha2',
27 silly addNameRange     '3.0.0alpha3',
27 silly addNameRange     '3.0.0alpha4',
27 silly addNameRange     '3.0.0alpha5',
27 silly addNameRange     '3.0.0beta1',
27 silly addNameRange     '3.0.0beta2',
27 silly addNameRange     '3.0.0beta3',
27 silly addNameRange     '2.5.10',
27 silly addNameRange     '3.0.0beta4',
27 silly addNameRange     '2.5.11',
27 silly addNameRange     '3.0.0beta6',
27 silly addNameRange     '3.0.0beta7',
27 silly addNameRange     '3.0.0rc1',
27 silly addNameRange     '3.0.0rc2',
27 silly addNameRange     '3.0.0rc3',
27 silly addNameRange     '3.0.0rc4',
27 silly addNameRange     '3.0.0rc5',
27 silly addNameRange     '3.0.0',
27 silly addNameRange     '3.0.1',
27 silly addNameRange     '3.0.2',
27 silly addNameRange     '3.0.3',
27 silly addNameRange     '3.0.4',
27 silly addNameRange     '3.0.5',
27 silly addNameRange     '3.0.6',
27 silly addNameRange     '3.1.0',
27 silly addNameRange     '3.1.1',
27 silly addNameRange     '3.1.2' ] ]
28 verbose addNamed [ 'express', '3.1.2' ]
29 verbose addNamed [ '3.1.2', '3.1.2' ]
30 silly lockFile 71c9dc33-express-3-1-2 express@3.1.2
31 verbose lock express@3.1.2 /home/dustin/.npm/71c9dc33-express-3-1-2.lock
32 verbose read json /home/dustin/.npm/express/3.1.2/package/package.json
33 silly lockFile 71c9dc33-express-3-1-2 express@3.1.2
34 silly lockFile 64a534c1-express express@
35 silly resolved [ { name: 'express',
35 silly resolved     description: 'Sinatra inspired web development framework',
35 silly resolved     version: '3.1.2',
35 silly resolved     author: { name: 'TJ Holowaychuk', email: 'tj@vision-media.ca' },
35 silly resolved     contributors: [ [Object], [Object], [Object], [Object] ],
35 silly resolved     dependencies:
35 silly resolved      { connect: '2.7.5',
35 silly resolved        commander: '0.6.1',
35 silly resolved        'range-parser': '0.0.4',
35 silly resolved        mkdirp: '~0.3.4',
35 silly resolved        cookie: '0.0.5',
35 silly resolved        'buffer-crc32': '~0.2.1',
35 silly resolved        fresh: '0.1.0',
35 silly resolved        methods: '0.0.1',
35 silly resolved        send: '0.1.0',
35 silly resolved        'cookie-signature': '1.0.0',
35 silly resolved        debug: '*' },
35 silly resolved     devDependencies:
35 silly resolved      { ejs: '*',
35 silly resolved        mocha: '*',
35 silly resolved        jade: '*',
35 silly resolved        hjs: '*',
35 silly resolved        stylus: '*',
35 silly resolved        should: '*',
35 silly resolved        'connect-redis': '*',
35 silly resolved        'github-flavored-markdown': '*',
35 silly resolved        supertest: '0.0.1' },
35 silly resolved     keywords:
35 silly resolved      [ 'express',
35 silly resolved        'framework',
35 silly resolved        'sinatra',
35 silly resolved        'web',
35 silly resolved        'rest',
35 silly resolved        'restful',
35 silly resolved        'router',
35 silly resolved        'app',
35 silly resolved        'api' ],
35 silly resolved     repository: { type: 'git', url: 'git://github.com/visionmedia/express' },
35 silly resolved     main: 'index',
35 silly resolved     bin: { express: './bin/express' },
35 silly resolved     scripts: { prepublish: 'npm prune', test: 'make test' },
35 silly resolved     engines: { node: '*' },
35 silly resolved     readme: '![express logo](http://f.cl.ly/items/0V2S1n0K1i3y1c122g04/Screen%20Shot%202012-04-11%20at%209.59.42%20AM.png)\n\n  Fast, unopinionated, minimalist web framework for [node](http://nodejs.org). [![Build Status](https://secure.travis-ci.org/visionmedia/express.png)](http://travis-ci.org/visionmedia/express) [![Dependency Status](https://gemnasium.com/visionmedia/express.png)](https://gemnasium.com/visionmedia/express)\n\n```js\nvar express = require(\'express\');\nvar app = express();\n\napp.get(\'/\', function(req, res){\n  res.send(\'Hello World\');\n});\n\napp.listen(3000);\n```\n\n## Installation\n\n    $ npm install -g express\n\n## Quick Start\n\n The quickest way to get started with express is to utilize the executable `express(1)` to generate an application as shown below:\n\n Create the app:\n\n    $ npm install -g express\n    $ express /tmp/foo && cd /tmp/foo\n\n Install dependencies:\n\n    $ npm install\n\n Start the server:\n\n    $ node app\n\n## Features\n\n  * Built on [Connect](http://github.com/senchalabs/connect)\n  * Robust routing\n  * HTTP helpers (redirection, caching, etc)\n  * View system supporting 14+ template engines\n  * Content negotiation\n  * Focus on high performance\n  * Environment based configuration\n  * Executable for generating applications quickly\n  * High test coverage\n\n## Philosophy\n\n  The Express philosophy is to provide small, robust tooling for HTTP servers. Making\n  it a great solution for single page applications, web sites, hybrids, or public\n  HTTP APIs.\n\n  Built on Connect you can use _only_ what you need, and nothing more, applications\n  can be as big or as small as you like, even a single file. Express does\n  not force you to use any specific ORM or template engine. With support for over\n  14 template engines via [Consolidate.js](http://github.com/visionmedia/consolidate.js)\n  you can quickly craft your perfect framework.\n\n## More Information\n\n  * Join #express on freenode\n  * [Google Group](http://groups.google.com/group/express-js) for discussion\n  * Follow [tjholowaychuk](http://twitter.com/tjholowaychuk) on twitter for updates\n  * Visit the [Wiki](http://github.com/visionmedia/express/wiki)\n  * [日本語ドキュメンテーション](http://hideyukisaito.com/doc/expressjs/) by [hideyukisaito](https://github.com/hideyukisaito)\n  * [Русскоязычная документация](http://jsman.ru/express/)\n  * Run express examples [online](https://runnable.com/express)\n\n## Viewing Examples\n\nClone the Express repo, then install the dev dependencies to install all the example / test suite deps:\n\n    $ git clone git://github.com/visionmedia/express.git --depth 1\n    $ cd express\n    $ npm install\n\nthen run whichever tests you want:\n\n    $ node examples/content-negotiation\n\n## Running Tests\n\nTo run the test suite first invoke the following command within the repo, installing the development dependencies:\n\n    $ npm install\n\nthen run the tests:\n\n    $ make test\n\n## Contributors\n\n```\nproject: express\ncommits: 3559\nactive : 468 days\nfiles  : 237\nauthors:\n 1891\tTj Holowaychuk          53.1%\n 1285\tvisionmedia             36.1%\n  182\tTJ Holowaychuk          5.1%\n   54\tAaron Heckmann          1.5%\n   34\tcsausdev                1.0%\n   26\tciaranj                 0.7%\n   21\tRobert Sköld            0.6%\n    6\tGuillermo Rauch         0.2%\n    3\tDav Glass               0.1%\n    3\tNick Poulden            0.1%\n    2\tRandy Merrill           0.1%\n    2\tBenny Wong              0.1%\n    2\tHunter Loftis           0.1%\n    2\tJake Gordon             0.1%\n    2\tBrian McKinney          0.1%\n    2\tRoman Shtylman          0.1%\n    2\tBen Weaver              0.1%\n    2\tDave Hoover             0.1%\n    2\tEivind Fjeldstad        0.1%\n    2\tDaniel Shaw             0.1%\n    1\tMatt Colyer             0.0%\n    1\tPau Ramon               0.0%\n    1\tPero Pejovic            0.0%\n    1\tPeter Rekdal Sunde      0.0%\n    1\tRaynos                  0.0%\n    1\tTeng Siong Ong          0.0%\n    1\tViktor Kelemen          0.0%\n    1\tctide                   0.0%\n    1\t8bitDesigner            0.0%\n    1\tisaacs                  0.0%\n    1\tmgutz                   0.0%\n    1\tpikeas                  0.0%\n    1\tshuwatto                0.0%\n    1\ttstrimple               0.0%\n    1\tewoudj                  0.0%\n    1\tAdam Sanderson          0.0%\n    1\tAndrii Kostenko         0.0%\n    1\tAndy Hiew               0.0%\n    1\tArpad Borsos            0.0%\n    1\tAshwin Purohit          0.0%\n    1\tBenjen                  0.0%\n    1\tDarren Torpey           0.0%\n    1\tGreg Ritter             0.0%\n    1\tGregory Ritter          0.0%\n    1\tJames Herdman           0.0%\n    1\tJim Snodgrass           0.0%\n    1\tJoe McCann              0.0%\n    1\tJonathan Dumaine        0.0%\n    1\tJonathan Palardy        0.0%\n    1\tJonathan Zacsh          0.0%\n    1\tJustin Lilly            0.0%\n    1\tKen Sato                0.0%\n    1\tMaciej Małecki          0.0%\n    1\tMasahiro Hayashi        0.0%\n```\n\n## License\n\n(The MIT License)\n\nCopyright (c) 2009-2012 TJ Holowaychuk &lt;tj@vision-media.ca&gt;\n\nPermission is hereby granted, free of charge, to any person obtaining\na copy of this software and associated documentation files (the\n\'Software\'), to deal in the Software without restriction, including\nwithout limitation the rights to use, copy, modify, merge, publish,\ndistribute, sublicense, and/or sell copies of the Software, and to\npermit persons to whom the Software is furnished to do so, subject to\nthe following conditions:\n\nThe above copyright notice and this permission notice shall be\nincluded in all copies or substantial portions of the Software.\n\nTHE SOFTWARE IS PROVIDED \'AS IS\', WITHOUT WARRANTY OF ANY KIND,\nEXPRESS OR IMPLIED, INCLUDING BUT NOT LIMITED TO THE WARRANTIES OF\nMERCHANTABILITY, FITNESS FOR A PARTICULAR PURPOSE AND NONINFRINGEMENT.\nIN NO EVENT SHALL THE AUTHORS OR COPYRIGHT HOLDERS BE LIABLE FOR ANY\nCLAIM, DAMAGES OR OTHER LIABILITY, WHETHER IN AN ACTION OF CONTRACT,\nTORT OR OTHERWISE, ARISING FROM, OUT OF OR IN CONNECTION WITH THE\nSOFTWARE OR THE USE OR OTHER DEALINGS IN THE SOFTWARE.\n',
35 silly resolved     _id: 'express@3.1.2',
35 silly resolved     _from: 'express' } ]
36 info install express@3.1.2 into /usr/local/lib
37 info installOne express@3.1.2
38 verbose from cache /home/dustin/.npm/express/3.1.2/package/package.json
39 info /usr/local/lib/node_modules/express unbuild
40 verbose read json /usr/local/lib/node_modules/express/package.json
41 verbose tar unpack /home/dustin/.npm/express/3.1.2/package.tgz
42 silly lockFile 59b5b716-r-local-lib-node-modules-express /usr/local/lib/node_modules/express
43 verbose lock /usr/local/lib/node_modules/express /home/dustin/.npm/59b5b716-r-local-lib-node-modules-express.lock
44 silly gunzTarPerm modes [ '755', '644' ]
45 error Error: EACCES, mkdir '/usr/local/lib/node_modules/express'
45 error  { [Error: EACCES, mkdir '/usr/local/lib/node_modules/express']
45 error   errno: 3,
45 error   code: 'EACCES',
45 error   path: '/usr/local/lib/node_modules/express',
45 error   fstream_type: 'Directory',
45 error   fstream_path: '/usr/local/lib/node_modules/express',
45 error   fstream_class: 'DirWriter',
45 error   fstream_stack:
45 error    [ 'DirWriter._create (/usr/local/lib/node_modules/npm/node_modules/fstream/lib/dir-writer.js:36:23)',
45 error      '/usr/local/lib/node_modules/npm/node_modules/mkdirp/index.js:37:53',
45 error      'Object.oncomplete (fs.js:297:15)' ] }
46 error Please try running this command again as root/Administrator.
47 error System Linux 3.8.2-206.fc18.x86_64
48 error command "/usr/local/bin/node" "/usr/local/bin/npm" "install" "-g" "express"
49 error cwd /home/dustin/Dropbox/code/event_share
50 error node -v v0.8.9
51 error npm -v 1.1.61
52 error path /usr/local/lib/node_modules/express
53 error fstream_path /usr/local/lib/node_modules/express
54 error fstream_type Directory
55 error fstream_class DirWriter
56 error code EACCES
57 error errno 3
58 error stack Error: EACCES, mkdir '/usr/local/lib/node_modules/express'
59 error fstream_stack DirWriter._create (/usr/local/lib/node_modules/npm/node_modules/fstream/lib/dir-writer.js:36:23)
59 error fstream_stack /usr/local/lib/node_modules/npm/node_modules/mkdirp/index.js:37:53
59 error fstream_stack Object.oncomplete (fs.js:297:15)
60 verbose exit [ 3, true ]
